<?xml version="1.0" encoding="UTF-8"?>
<!-- Generated by org.testng.reporters.JUnitXMLReporter -->
<testsuite ignored="2" hostname="Nareshreddy" failures="0" tests="0" name="AccessGmail" time="20.362" errors="0" timestamp="2022-04-18T14:39:02 IST">
  <testcase classname="utility.TestPage" name="accessGoogle" time="0.0">
    <ignored/>
  </testcase> <!-- accessGoogle -->
  <testcase classname="utility.TestPage" name="accessFacebbok" time="0.0">
    <ignored/>
  </testcase> <!-- accessFacebbok -->
</testsuite> <!-- AccessGmail -->
