<?xml version="1.0" encoding="UTF-8"?>
<!-- Generated by org.testng.reporters.JUnitXMLReporter -->
<testsuite ignored="2" hostname="Nareshreddy" failures="0" tests="1" name="AccessGoogle" time="66.693" errors="0" timestamp="2022-04-18T14:38:27 IST">
  <testcase classname="utility.TestPage" name="accessGoogle" time="3.89"/>
  <testcase classname="utility.TestPage" name="accessFacebbok" time="0.0">
    <ignored/>
  </testcase> <!-- accessFacebbok -->
  <testcase classname="utility.TestPage" name="accessGmail" time="0.0">
    <ignored/>
  </testcase> <!-- accessGmail -->
</testsuite> <!-- AccessGoogle -->
