<?xml version="1.0" encoding="UTF-8"?>
<!-- Generated by org.testng.reporters.JUnitXMLReporter -->
<testsuite ignored="2" hostname="AHS-LP-181" failures="0" tests="1" name="AccessGoogle" time="11.62" errors="0" timestamp="2022-05-02T13:10:17 IST">
  <testcase classname="utility.TestPage" name="accessGoogle" time="2.688"/>
  <testcase classname="utility.TestPage" name="accessFacebbok" time="0.0">
    <ignored/>
  </testcase> <!-- accessFacebbok -->
  <testcase classname="utility.TestPage" name="accessGmail" time="0.0">
    <ignored/>
  </testcase> <!-- accessGmail -->
</testsuite> <!-- AccessGoogle -->
