<?xml version="1.0" encoding="UTF-8"?>
<!-- Generated by org.testng.reporters.JUnitXMLReporter -->
<testsuite ignored="0" hostname="Nareshreddy" failures="0" tests="6" name="Grouping" time="0.105" errors="0" timestamp="2022-04-08T15:08:26 IST">
  <testcase classname="testigTestNG.Grouping" name="cartandBook" time="0.016"/>
  <testcase classname="testigTestNG.Grouping" name="login" time="0.002"/>
  <testcase classname="testigTestNG.Grouping" name="logout" time="0.002"/>
  <testcase classname="testigTestNG.Grouping" name="myAccount" time="0.002"/>
  <testcase classname="testigTestNG.Grouping" name="profile" time="0.002"/>
  <testcase classname="testigTestNG.Grouping" name="selectItem" time="0.001"/>
</testsuite> <!-- Grouping -->
