<?xml version="1.0" encoding="UTF-8"?>
<!-- Generated by org.testng.reporters.JUnitXMLReporter -->
<testsuite ignored="2" hostname="Nareshreddy" failures="0" tests="4" name="sanity" time="0.022" errors="0" timestamp="2022-04-08T15:27:22 IST">
  <testcase classname="testigTestNG.Grouping" name="cartandBook" time="0.001"/>
  <testcase classname="testigTestNG.Grouping" name="login" time="0.002"/>
  <testcase classname="testigTestNG.Grouping" name="logout" time="0.003"/>
  <testcase classname="testigTestNG.Grouping" name="selectItem" time="0.001"/>
  <testcase classname="testigTestNG.Grouping" name="profile" time="0.0">
    <ignored/>
  </testcase> <!-- profile -->
  <testcase classname="testigTestNG.Grouping" name="myAccount" time="0.0">
    <ignored/>
  </testcase> <!-- myAccount -->
</testsuite> <!-- sanity -->
