<?xml version="1.0" encoding="UTF-8"?>
<!-- Generated by org.testng.reporters.JUnitXMLReporter -->
<testsuite ignored="0" hostname="Nareshreddy" failures="0" tests="1" name="Login case" time="1.157" errors="0" timestamp="2022-04-17T11:36:52 IST">
  <testcase classname="utility.Extentreports_Base" name="@BeforeSuite initialiseReport" time="-1.650175611529E9">
    <failure type="org.testng.TestNGException" message="
Can inject only one of &amp;lt;ITestContext, XmlTest&amp;gt; into a @BeforeSuite annotated initialiseReport.
For more information on native dependency injection please refer to https://testng.org/doc/documentation-main.html#native-dependency-injection">
      <![CDATA[org.testng.TestNGException: 
Can inject only one of <ITestContext, XmlTest> into a @BeforeSuite annotated initialiseReport.
For more information on native dependency injection please refer to https://testng.org/doc/documentation-main.html#native-dependency-injection
... Removed 16 stack frames]]>
    </failure>
  </testcase> <!-- @BeforeSuite initialiseReport -->
  <testcase classname="utility.Extentreports_Base" name="@BeforeTest setup" time="0.0">
    <skipped/>
  </testcase> <!-- @BeforeTest setup -->
  <testcase classname="utility.Extentreports_Base" name="@AfterMethod checkStatusandaddingScreenshots" time="0.0">
    <skipped/>
  </testcase> <!-- @AfterMethod checkStatusandaddingScreenshots -->
  <testcase classname="utility.Extentreports_Base" name="@AfterTest tearDown" time="0.0">
    <skipped/>
  </testcase> <!-- @AfterTest tearDown -->
  <testcase classname="utility.testNgdemo1" name="enterCredentials" time="0.0">
    <skipped/>
  </testcase> <!-- enterCredentials -->
</testsuite> <!-- Login case -->
