<?xml version="1.0" encoding="UTF-8"?>
<!-- Generated by org.testng.reporters.JUnitXMLReporter -->
<testsuite ignored="0" hostname="Nareshreddy" failures="0" tests="3" name="Test" time="0.094" errors="0" timestamp="2022-04-15T15:38:02 IST">
  <testcase classname="com.Parallelexecution.ParallelExecution1" name="method1" time="0.014"/>
  <testcase classname="com.Parallelexecution.ParallelExecution1" name="method2" time="0.003"/>
  <testcase classname="com.Parallelexecution.ParallelExecution1" name="method3" time="0.003"/>
</testsuite> <!-- Test -->
