<?xml version="1.0" encoding="UTF-8"?>
<!-- Generated by org.testng.reporters.JUnitXMLReporter -->
<testsuite ignored="0" hostname="Nareshreddy" failures="0" tests="6" name="Test1" time="0.11" errors="0" timestamp="2022-04-15T15:39:26 IST">
  <testcase classname="com.Parallelexecution.ParallelExecution1" name="method1" time="0.013"/>
  <testcase classname="com.Parallelexecution.ParallelExecution2" name="method1" time="0.003"/>
  <testcase classname="com.Parallelexecution.ParallelExecution1" name="method2" time="0.002"/>
  <testcase classname="com.Parallelexecution.ParallelExecution2" name="method2" time="0.005"/>
  <testcase classname="com.Parallelexecution.ParallelExecution1" name="method3" time="0.002"/>
  <testcase classname="com.Parallelexecution.ParallelExecution2" name="method3" time="0.005"/>
</testsuite> <!-- Test1 -->
