<?xml version="1.0" encoding="UTF-8"?>
<!-- Generated by org.testng.reporters.JUnitXMLReporter -->
<testsuite ignored="1" hostname="Nareshreddy" failures="0" tests="5" name="smoke" time="0.101" errors="0" timestamp="2022-04-08T15:44:23 IST">
  <testcase classname="testigTestNG.Grouping" name="login" time="0.018"/>
  <testcase classname="testigTestNG.Grouping" name="logout" time="0.003"/>
  <testcase classname="testigTestNG.Grouping" name="myAccount" time="0.001"/>
  <testcase classname="testigTestNG.Grouping" name="profile" time="0.001"/>
  <testcase classname="testigTestNG.Grouping" name="selectItem" time="0.004"/>
  <testcase classname="testigTestNG.Grouping" name="cartandBook" time="0.0">
    <ignored/>
  </testcase> <!-- cartandBook -->
</testsuite> <!-- smoke -->
