<?xml version="1.0" encoding="UTF-8"?>
<testng-results ignored="0" total="1" passed="1" failed="0" skipped="0">
  <reporter-output>
  </reporter-output>
  <suite started-at="2022-04-25T16:07:49 IST" name="Default suite" finished-at="2022-04-25T16:08:34 IST" duration-ms="44666">
    <groups>
    </groups>
    <test started-at="2022-04-25T16:07:49 IST" name="Default test" finished-at="2022-04-25T16:08:34 IST" duration-ms="44666">
      <class name="com.js.demo.Scrolloperations">
        <test-method is-config="true" signature="setup()[pri:0, instance:com.js.demo.Scrolloperations@4145bad8]" started-at="2022-04-25T16:07:50 IST" name="setup" finished-at="2022-04-25T16:07:57 IST" duration-ms="7415" status="PASS">
          <reporter-output>
          </reporter-output>
        </test-method> <!-- setup -->
        <test-method signature="scroll()[pri:0, instance:com.js.demo.Scrolloperations@4145bad8]" started-at="2022-04-25T16:07:57 IST" name="scroll" finished-at="2022-04-25T16:08:34 IST" duration-ms="37202" status="PASS">
          <reporter-output>
          </reporter-output>
        </test-method> <!-- scroll -->
      </class> <!-- com.js.demo.Scrolloperations -->
    </test> <!-- Default test -->
  </suite> <!-- Default suite -->
</testng-results>
