<?xml version="1.0" encoding="UTF-8"?>
<testng-results ignored="1" total="2" passed="1" failed="0" skipped="0">
  <reporter-output>
  </reporter-output>
  <suite started-at="2022-05-15T21:34:29 IST" name="Suite" finished-at="2022-05-15T21:36:47 IST" duration-ms="137984">
    <groups>
    </groups>
    <test started-at="2022-05-15T21:34:29 IST" name="Test" finished-at="2022-05-15T21:36:47 IST" duration-ms="137984">
      <class name="com.shushilpage.Sushilpage">
        <test-method is-config="true" signature="loadConfig(org.testng.ITestContext)[pri:0, instance:com.shushilpage.Sushilpage@304bb45b]" started-at="2022-05-15T21:34:28 IST" name="loadConfig" finished-at="2022-05-15T21:34:29 IST" duration-ms="698" status="PASS">
          <params>
            <param index="0">
              <value>
                <![CDATA[org.testng.TestRunner@105dc04d]]>
              </value>
            </param>
          </params>
          <reporter-output>
          </reporter-output>
        </test-method> <!-- loadConfig -->
        <test-method is-config="true" signature="beforeTest()[pri:0, instance:com.shushilpage.Sushilpage@304bb45b]" started-at="2022-05-15T21:34:29 IST" name="beforeTest" finished-at="2022-05-15T21:34:40 IST" duration-ms="10399" status="PASS">
          <reporter-output>
          </reporter-output>
        </test-method> <!-- beforeTest -->
        <test-method signature="testmethod()[pri:2, instance:com.shushilpage.Sushilpage@304bb45b]" started-at="2022-05-15T21:34:40 IST" name="testmethod" finished-at="2022-05-15T21:36:46 IST" duration-ms="125949" status="PASS">
          <reporter-output>
          </reporter-output>
        </test-method> <!-- testmethod -->
        <test-method is-config="true" signature="aftertest()[pri:0, instance:com.shushilpage.Sushilpage@304bb45b]" started-at="2022-05-15T21:36:46 IST" name="aftertest" finished-at="2022-05-15T21:36:47 IST" duration-ms="1557" status="PASS">
          <reporter-output>
          </reporter-output>
        </test-method> <!-- aftertest -->
        <test-method is-config="true" signature="generateReports()[pri:0, instance:com.shushilpage.Sushilpage@304bb45b]" started-at="2022-05-15T21:36:47 IST" name="generateReports" finished-at="2022-05-15T21:36:52 IST" duration-ms="4297" status="PASS">
          <reporter-output>
          </reporter-output>
        </test-method> <!-- generateReports -->
      </class> <!-- com.shushilpage.Sushilpage -->
    </test> <!-- Test -->
  </suite> <!-- Suite -->
</testng-results>
